<?xml version="1.0" encoding="UTF-8"?>
<testng-results skipped="0" failed="0" total="1" passed="1">
  <reporter-output>
  </reporter-output>
  <suite name="Suite" duration-ms="15115" started-at="2018-02-12T01:04:46Z" finished-at="2018-02-12T01:05:01Z">
    <groups>
    </groups>
    <test name="Test" duration-ms="15115" started-at="2018-02-12T01:04:46Z" finished-at="2018-02-12T01:05:01Z">
      <class name="cn.test.fan.seleniumstudy.testbaidu">
        <test-method status="PASS" signature="setUp()[pri:0, instance:cn.test.fan.seleniumstudy.testbaidu@1c68925]" name="setUp" is-config="true" duration-ms="5995" started-at="2018-02-12T09:04:46Z" finished-at="2018-02-12T09:04:52Z">
          <reporter-output>
          </reporter-output>
        </test-method> <!-- setUp -->
        <test-method status="PASS" signature="testUntitled()[pri:0, instance:cn.test.fan.seleniumstudy.testbaidu@1c68925]" name="testUntitled" duration-ms="4489" started-at="2018-02-12T09:04:52Z" finished-at="2018-02-12T09:04:57Z">
          <reporter-output>
          </reporter-output>
        </test-method> <!-- testUntitled -->
        <test-method status="PASS" signature="tearDown()[pri:0, instance:cn.test.fan.seleniumstudy.testbaidu@1c68925]" name="tearDown" is-config="true" duration-ms="4604" started-at="2018-02-12T09:04:57Z" finished-at="2018-02-12T09:05:01Z">
          <reporter-output>
          </reporter-output>
        </test-method> <!-- tearDown -->
      </class> <!-- cn.test.fan.seleniumstudy.testbaidu -->
    </test> <!-- Test -->
  </suite> <!-- Suite -->
</testng-results>
